================================================================
======== txAdmin v7.3.2 atop fxserver 12168 Starting - 27.12.2024, 13:06:44
================================================================
[13:12:23][zap1267857] logged in from 46.24.47.204 via password
[13:14:24][zap1267857] Changing global settings via setup stepper and started Deployer.
[13:14:27][zap1267857] Setting recipe.
[13:14:45][zap1267857] Running recipe.
[13:15:38][zap1267857] Completed and committed server deploy.
[13:22:51][zap1267857] Adding admin 'Pedro_Hernan'.
[13:34:34][zap1267857] executed "STOP SERVER"
[13:34:41][zap1267857] executed "START SERVER"
[14:49:58][zap1267857] Changing global settings.
[14:50:47][zap1267857] executed "STOP SERVER"
[15:16:40][zap1267857] executed "START SERVER"
================================================================
======== txAdmin v7.3.2 atop fxserver 12168 Starting - 27.12.2024, 15:24:02
================================================================
================================================================
======== txAdmin v7.3.2 atop fxserver 12168 Starting - 27.12.2024, 15:34:18
================================================================
[15:36:25][zap1267857] logged in from 46.24.47.204 via password
================================================================
======== txAdmin v7.3.2 atop fxserver 12168 Starting - 27.12.2024, 15:47:58
================================================================
================================================================
======== txAdmin v7.3.2 atop fxserver 12168 Starting - 27.12.2024, 15:54:14
================================================================
================================================================
======== txAdmin v7.3.2 atop fxserver 12168 Starting - 27.12.2024, 16:09:55
================================================================
================================================================
======== txAdmin v7.3.2 atop fxserver 12168 Starting - 27.12.2024, 16:17:25
================================================================
================================================================
======== txAdmin v7.3.2 atop fxserver 12168 Starting - 27.12.2024, 16:22:13
================================================================
================================================================
======== txAdmin v7.3.2 atop fxserver 12168 Starting - 27.12.2024, 16:27:29
================================================================
================================================================
======== txAdmin v7.3.2 atop fxserver 12168 Starting - 27.12.2024, 16:33:01
================================================================
================================================================
======== txAdmin v7.3.2 atop fxserver 12168 Starting - 27.12.2024, 16:36:41
================================================================
================================================================
======== txAdmin v7.3.2 atop fxserver 12168 Starting - 27.12.2024, 16:40:26
================================================================
================================================================
======== txAdmin v7.3.2 atop fxserver 12168 Starting - 27.12.2024, 18:02:04
================================================================
================================================================
======== txAdmin v7.3.2 atop fxserver 12168 Starting - 27.12.2024, 20:07:10
================================================================
================================================================
======== txAdmin v7.3.2 atop fxserver 12168 Starting - 27.12.2024, 20:41:50
================================================================
================================================================
======== txAdmin v7.3.2 atop fxserver 12168 Starting - 27.12.2024, 20:45:12
================================================================
================================================================
======== txAdmin v7.3.2 atop fxserver 12168 Starting - 27.12.2024, 21:16:39
================================================================
================================================================
======== txAdmin v7.3.2 atop fxserver 12168 Starting - 27.12.2024, 21:24:09
================================================================
================================================================
======== txAdmin v7.3.2 atop fxserver 12168 Starting - 27.12.2024, 21:29:35
================================================================
================================================================
======== txAdmin v7.3.2 atop fxserver 12168 Starting - 27.12.2024, 21:44:36
================================================================
================================================================
======== txAdmin v7.3.2 atop fxserver 12168 Starting - 27.12.2024, 21:52:35
================================================================
================================================================
======== txAdmin v7.3.2 atop fxserver 12168 Starting - 27.12.2024, 22:06:24
================================================================
================================================================
======== txAdmin v7.3.2 atop fxserver 12168 Starting - 27.12.2024, 22:23:26
================================================================
================================================================
======== txAdmin v7.3.2 atop fxserver 12168 Starting - 27.12.2024, 22:32:33
================================================================
================================================================
======== txAdmin v7.3.2 atop fxserver 12168 Starting - 27.12.2024, 22:46:30
================================================================
================================================================
======== txAdmin v7.3.2 atop fxserver 12168 Starting - 27.12.2024, 23:14:18
================================================================
================================================================
======== txAdmin v7.3.2 atop fxserver 12168 Starting - 27.12.2024, 23:35:07
================================================================
================================================================
======== txAdmin v7.3.2 atop fxserver 12168 Starting - 27.12.2024, 23:43:54
================================================================
