================================================================
======== txAdmin v7.3.2 atop fxserver 12168 Starting - 28.12.2024, 00:09:01
================================================================
================================================================
======== Log Rotated - 28.12.2024, 00:09:01                     
================================================================
================================================================
======== txAdmin v7.3.2 atop fxserver 12168 Starting - 28.12.2024, 00:17:34
================================================================
[12:05:39][zap1267857] logged in from 46.24.47.204 via password
[12:10:06][zap1267857] Editing user 'Pedro_Hernan'.
[12:10:29][zap1267857] Editing user 'Pedro_Hernan'.
[12:10:44][zap1267857] executed "RESTART SERVER"
[12:13:16][Pedro_Hernan] Sending announcement: HOLA
[12:13:46][Pedro_Hernan] Changing own password.
[12:13:53][Pedro_Hernan] Changing own identifiers.
[12:26:00][zap1267857] executed "RESTART SERVER"
================================================================
======== txAdmin v7.3.2 atop fxserver 12168 Starting - 28.12.2024, 12:42:51
================================================================
================================================================
======== txAdmin v7.3.2 atop fxserver 12168 Starting - 28.12.2024, 12:52:11
================================================================
================================================================
======== txAdmin v7.3.2 atop fxserver 12168 Starting - 28.12.2024, 12:58:48
================================================================
================================================================
======== txAdmin v7.3.2 atop fxserver 12168 Starting - 28.12.2024, 13:13:01
================================================================
================================================================
======== txAdmin v7.3.2 atop fxserver 12168 Starting - 28.12.2024, 13:21:34
================================================================
================================================================
======== txAdmin v7.3.2 atop fxserver 12168 Starting - 28.12.2024, 13:33:14
================================================================
================================================================
======== txAdmin v7.3.2 atop fxserver 12168 Starting - 28.12.2024, 13:53:11
================================================================
