================================================================
======== txAdmin v7.3.2 atop fxserver 12168 Starting - 27.12.2024, 13:06:44
================================================================
[13:15:41] txAdmin: Logger started
[13:24:53] [E7Unn#1] PedroJoseHernan: joined with identifiers [license:df006569a371bd968f8a71784d0b2d928d4e5880; discord:1048935745836032051; fivem:12147731; license2:36554c68b94aed3ecd29d51be2f0768de2518830]
[13:26:29] [E7Unn#1] PedroJoseHernan: said "/suelo"
[13:28:39] [E7Unn#1] PedroJoseHernan: disconnected (Exiting)
[13:34:44] txAdmin: Logger started
[13:39:31] [jtenB#1] PedroJoseHernan: joined with identifiers [license:df006569a371bd968f8a71784d0b2d928d4e5880; discord:1048935745836032051; fivem:12147731; license2:36554c68b94aed3ecd29d51be2f0768de2518830]
[13:40:16] [jtenB#1] PedroJoseHernan: said "/suelo"
[13:41:12] [jtenB#1] PedroJoseHernan: said "/suelo"
[13:41:13] [jtenB#1] PedroJoseHernan: said "/suelo"
[13:43:31] [jtenB#1] PedroJoseHernan: said "/suelo"
[13:43:31] [jtenB#1] PedroJoseHernan: said "/suelo"
[13:45:12] [jtenB#1] PedroJoseHernan: said "/feed"
[13:45:41] [jtenB#1] PedroJoseHernan: said "/suelo"
[13:45:45] [jtenB#1] PedroJoseHernan: said "/mask"
[13:47:45] [jtenB#1] PedroJoseHernan: said "/qui"
[13:47:47] [jtenB#1] PedroJoseHernan: disconnected (Exiting)
[14:27:23] [jtenB#2] PedroJoseHernan: joined with identifiers [license:df006569a371bd968f8a71784d0b2d928d4e5880; discord:1048935745836032051; fivem:12147731; license2:36554c68b94aed3ecd29d51be2f0768de2518830]
[14:28:16] [jtenB#2] PedroJoseHernan: said "/mask"
[14:28:51] [jtenB#2] PedroJoseHernan: died from suicide (Falling)
[14:31:15] [jtenB#2] PedroJoseHernan: said "/suelo"
[14:39:00] [jtenB#2] PedroJoseHernan: disconnected (Exiting)
[15:16:43] txAdmin: Logger started
[15:17:19] [tjP7y#1] PedroJoseHernan: joined with identifiers [license:df006569a371bd968f8a71784d0b2d928d4e5880; discord:1048935745836032051; fivem:12147731; license2:36554c68b94aed3ecd29d51be2f0768de2518830]
[15:18:56] [tjP7y#1] PedroJoseHernan: said "/suelo"
[15:18:57] [tjP7y#1] PedroJoseHernan: said "/suelo"
[15:20:00] [tjP7y#1] PedroJoseHernan: said "/suelo"
[15:22:59] [tjP7y#1] PedroJoseHernan: disconnected (Exiting)
================================================================
======== txAdmin v7.3.2 atop fxserver 12168 Starting - 27.12.2024, 15:24:02
================================================================
[15:24:05] txAdmin: Logger started
[15:25:37] [4fAB9#1] PedroJoseHernan: joined with identifiers [license:df006569a371bd968f8a71784d0b2d928d4e5880; discord:1048935745836032051; fivem:12147731; license2:36554c68b94aed3ecd29d51be2f0768de2518830]
[15:26:47] [4fAB9#1] PedroJoseHernan: disconnected (Exiting)
================================================================
======== txAdmin v7.3.2 atop fxserver 12168 Starting - 27.12.2024, 15:34:18
================================================================
[15:34:29] txAdmin: Logger started
[15:36:35] [AFm9g#1] PedroJoseHernan: joined with identifiers [license:df006569a371bd968f8a71784d0b2d928d4e5880; discord:1048935745836032051; fivem:12147731; license2:36554c68b94aed3ecd29d51be2f0768de2518830]
[15:37:25] [AFm9g#1] PedroJoseHernan: said "/suelo"
[15:37:27] [AFm9g#1] PedroJoseHernan: said "/time 10 10"
[15:37:39] [AFm9g#1] PedroJoseHernan: said "/suelo"
[15:42:24] [AFm9g#1] PedroJoseHernan: disconnected (Exiting)
================================================================
======== txAdmin v7.3.2 atop fxserver 12168 Starting - 27.12.2024, 15:47:58
================================================================
[15:48:01] txAdmin: Logger started
[15:49:03] [BQndg#1] PedroJoseHernan: joined with identifiers [license:df006569a371bd968f8a71784d0b2d928d4e5880; discord:1048935745836032051; fivem:12147731; license2:36554c68b94aed3ecd29d51be2f0768de2518830]
[15:50:16] [BQndg#1] PedroJoseHernan: disconnected (Exiting)
================================================================
======== txAdmin v7.3.2 atop fxserver 12168 Starting - 27.12.2024, 15:54:14
================================================================
[15:54:25] txAdmin: Logger started
[15:55:31] [LQn3m#1] PedroJoseHernan: joined with identifiers [license:df006569a371bd968f8a71784d0b2d928d4e5880; discord:1048935745836032051; fivem:12147731; license2:36554c68b94aed3ecd29d51be2f0768de2518830]
[16:00:24] [LQn3m#1] PedroJoseHernan: disconnected (Exiting)
================================================================
======== txAdmin v7.3.2 atop fxserver 12168 Starting - 27.12.2024, 16:09:55
================================================================
[16:09:58] txAdmin: Logger started
================================================================
======== txAdmin v7.3.2 atop fxserver 12168 Starting - 27.12.2024, 16:17:25
================================================================
[16:17:28] txAdmin: Logger started
[16:18:06] [N9Hz3#1] PedroJoseHernan: joined with identifiers [license:df006569a371bd968f8a71784d0b2d928d4e5880; discord:1048935745836032051; fivem:12147731; license2:36554c68b94aed3ecd29d51be2f0768de2518830]
[16:19:01] [N9Hz3#1] PedroJoseHernan: said "/weather clear"
[16:19:38] [N9Hz3#1] PedroJoseHernan: disconnected (Exiting)
================================================================
======== txAdmin v7.3.2 atop fxserver 12168 Starting - 27.12.2024, 16:22:13
================================================================
[16:22:16] txAdmin: Logger started
[16:23:20] [tWEyg#1] PedroJoseHernan: joined with identifiers [license:df006569a371bd968f8a71784d0b2d928d4e5880; discord:1048935745836032051; fivem:12147731; license2:36554c68b94aed3ecd29d51be2f0768de2518830]
[16:25:41] [tWEyg#1] PedroJoseHernan: disconnected (Exiting)
================================================================
======== txAdmin v7.3.2 atop fxserver 12168 Starting - 27.12.2024, 16:27:29
================================================================
[16:27:40] txAdmin: Logger started
[16:28:15] [Xz98G#1] PedroJoseHernan: joined with identifiers [license:df006569a371bd968f8a71784d0b2d928d4e5880; discord:1048935745836032051; fivem:12147731; license2:36554c68b94aed3ecd29d51be2f0768de2518830]
[16:28:55] [Xz98G#1] PedroJoseHernan: disconnected (Game crashed: gta-streaming-five.dll!fwMapDataStore__FinishLoadingHook (0x42))
[16:29:26] [Xz98G#2] PedroJoseHernan: joined with identifiers [license:df006569a371bd968f8a71784d0b2d928d4e5880; discord:1048935745836032051; fivem:12147731; license2:36554c68b94aed3ecd29d51be2f0768de2518830]
[16:30:04] [Xz98G#2] PedroJoseHernan: disconnected (Game crashed: gta-streaming-five.dll!fwMapDataStore__FinishLoadingHook (0x42))
================================================================
======== txAdmin v7.3.2 atop fxserver 12168 Starting - 27.12.2024, 16:33:01
================================================================
[16:33:12] txAdmin: Logger started
[16:34:00] [Rj7pH#1] PedroJoseHernan: joined with identifiers [license:df006569a371bd968f8a71784d0b2d928d4e5880; discord:1048935745836032051; fivem:12147731; license2:36554c68b94aed3ecd29d51be2f0768de2518830]
[16:34:31] [Rj7pH#1] PedroJoseHernan: disconnected (Game crashed: gta-streaming-five.dll!fwMapDataStore__FinishLoadingHook (0x42))
================================================================
======== txAdmin v7.3.2 atop fxserver 12168 Starting - 27.12.2024, 16:36:41
================================================================
[16:36:48] txAdmin: Logger started
[16:37:41] [7MMjK#1] PedroJoseHernan: joined with identifiers [license:df006569a371bd968f8a71784d0b2d928d4e5880; discord:1048935745836032051; fivem:12147731; license2:36554c68b94aed3ecd29d51be2f0768de2518830]
[16:38:46] [7MMjK#1] PedroJoseHernan: disconnected (Exiting)
================================================================
======== txAdmin v7.3.2 atop fxserver 12168 Starting - 27.12.2024, 16:40:26
================================================================
[16:40:29] txAdmin: Logger started
[16:41:15] [6tGwn#1] PedroJoseHernan: joined with identifiers [license:df006569a371bd968f8a71784d0b2d928d4e5880; discord:1048935745836032051; fivem:12147731; license2:36554c68b94aed3ecd29d51be2f0768de2518830]
[16:47:11] [6tGwn#1] PedroJoseHernan: disconnected (Exiting)
================================================================
======== txAdmin v7.3.2 atop fxserver 12168 Starting - 27.12.2024, 18:02:04
================================================================
[18:02:16] txAdmin: Logger started
[18:02:48] [DEVMA#1] PedroJoseHernan: joined with identifiers [license:df006569a371bd968f8a71784d0b2d928d4e5880; discord:1048935745836032051; fivem:12147731; license2:36554c68b94aed3ecd29d51be2f0768de2518830]
[18:05:04] [DEVMA#1] PedroJoseHernan: disconnected (Exiting)
================================================================
======== txAdmin v7.3.2 atop fxserver 12168 Starting - 27.12.2024, 20:07:10
================================================================
[20:07:22] txAdmin: Logger started
[20:08:21] [gHLEk#1] PedroJoseHernan: joined with identifiers [license:df006569a371bd968f8a71784d0b2d928d4e5880; discord:1048935745836032051; fivem:12147731; license2:36554c68b94aed3ecd29d51be2f0768de2518830]
[20:09:33] [gHLEk#1] PedroJoseHernan: said "/vector"
[20:09:46] [gHLEk#1] PedroJoseHernan: said "/suelo"
[20:19:16] [gHLEk#1] PedroJoseHernan: said "/revive1"
[20:20:23] [gHLEk#1] PedroJoseHernan: disconnected (Exiting)
================================================================
======== txAdmin v7.3.2 atop fxserver 12168 Starting - 27.12.2024, 20:41:50
================================================================
[20:42:02] txAdmin: Logger started
[20:42:07] [jgTWz#1] PedroJoseHernan: joined with identifiers [license:df006569a371bd968f8a71784d0b2d928d4e5880; discord:1048935745836032051; fivem:12147731; license2:36554c68b94aed3ecd29d51be2f0768de2518830]
[20:43:22] [jgTWz#1] PedroJoseHernan: disconnected (Exiting)
================================================================
======== txAdmin v7.3.2 atop fxserver 12168 Starting - 27.12.2024, 20:45:12
================================================================
[20:45:15] txAdmin: Logger started
[20:46:00] [dVMif#1] PedroJoseHernan: joined with identifiers [license:df006569a371bd968f8a71784d0b2d928d4e5880; discord:1048935745836032051; fivem:12147731; license2:36554c68b94aed3ecd29d51be2f0768de2518830]
[20:46:50] [dVMif#1] PedroJoseHernan: disconnected (Exiting)
================================================================
======== txAdmin v7.3.2 atop fxserver 12168 Starting - 27.12.2024, 21:16:39
================================================================
[21:16:42] txAdmin: Logger started
[21:17:22] [httwt#1] PedroJoseHernan: joined with identifiers [license:df006569a371bd968f8a71784d0b2d928d4e5880; discord:1048935745836032051; fivem:12147731; license2:36554c68b94aed3ecd29d51be2f0768de2518830]
[21:18:14] [httwt#1] PedroJoseHernan: said "/vector3"
[21:18:20] [httwt#1] PedroJoseHernan: said "/vestor3"
[21:22:39] [httwt#1] PedroJoseHernan: disconnected (Exiting)
================================================================
======== txAdmin v7.3.2 atop fxserver 12168 Starting - 27.12.2024, 21:24:09
================================================================
[21:24:12] txAdmin: Logger started
[21:27:08] [Dn9F4#1] PedroJoseHernan: joined with identifiers [license:df006569a371bd968f8a71784d0b2d928d4e5880; discord:1048935745836032051; fivem:12147731; license2:36554c68b94aed3ecd29d51be2f0768de2518830]
[21:27:59] [Dn9F4#1] PedroJoseHernan: said "/vector3"
[21:28:03] [Dn9F4#1] PedroJoseHernan: disconnected (Exiting)
================================================================
======== txAdmin v7.3.2 atop fxserver 12168 Starting - 27.12.2024, 21:29:35
================================================================
[21:29:38] txAdmin: Logger started
[21:30:11] [d3Dyt#1] PedroJoseHernan: joined with identifiers [license:df006569a371bd968f8a71784d0b2d928d4e5880; discord:1048935745836032051; fivem:12147731; license2:36554c68b94aed3ecd29d51be2f0768de2518830]
[21:31:05] [d3Dyt#1] PedroJoseHernan: said "/vector3"
[21:31:16] [d3Dyt#1] PedroJoseHernan: said "/dados"
[21:31:18] [d3Dyt#1] PedroJoseHernan: said "/dado"
[21:35:56] [d3Dyt#1] PedroJoseHernan: said "hola"
[21:39:13] [d3Dyt#1] PedroJoseHernan: disconnected (Exiting)
================================================================
======== txAdmin v7.3.2 atop fxserver 12168 Starting - 27.12.2024, 21:44:36
================================================================
[21:44:47] txAdmin: Logger started
[21:45:21] [kUwA9#1] PedroJoseHernan: joined with identifiers [license:df006569a371bd968f8a71784d0b2d928d4e5880; discord:1048935745836032051; fivem:12147731; license2:36554c68b94aed3ecd29d51be2f0768de2518830]
[21:46:00] [kUwA9#1] PedroJoseHernan: said "/dado"
[21:46:06] [kUwA9#1] PedroJoseHernan: said "/vector3"
[21:46:18] [kUwA9#1] PedroJoseHernan: said "/vector3"
[21:46:22] [kUwA9#1] PedroJoseHernan: said "/dado"
[21:46:41] [kUwA9#1] PedroJoseHernan: disconnected (Exiting)
================================================================
======== txAdmin v7.3.2 atop fxserver 12168 Starting - 27.12.2024, 21:52:35
================================================================
[21:52:38] txAdmin: Logger started
[21:52:57] [YWWEX#1] PedroJoseHernan: joined with identifiers [license:df006569a371bd968f8a71784d0b2d928d4e5880; discord:1048935745836032051; fivem:12147731; license2:36554c68b94aed3ecd29d51be2f0768de2518830]
[22:05:11] [YWWEX#1] PedroJoseHernan: disconnected (Exiting)
================================================================
======== txAdmin v7.3.2 atop fxserver 12168 Starting - 27.12.2024, 22:06:24
================================================================
[22:06:35] txAdmin: Logger started
[22:06:56] [bXPdj#1] PedroJoseHernan: joined with identifiers [license:df006569a371bd968f8a71784d0b2d928d4e5880; discord:1048935745836032051; fivem:12147731; license2:36554c68b94aed3ecd29d51be2f0768de2518830]
[22:07:39] [bXPdj#1] PedroJoseHernan: said "/vector3"
[22:07:52] [bXPdj#1] PedroJoseHernan: said "/vector3"
[22:08:04] [bXPdj#1] PedroJoseHernan: said "/vector3"
[22:08:26] [bXPdj#1] PedroJoseHernan: disconnected (Exiting)
[22:10:19] [bXPdj#2] PedroJoseHernan: joined with identifiers [license:df006569a371bd968f8a71784d0b2d928d4e5880; discord:1048935745836032051; fivem:12147731; license2:36554c68b94aed3ecd29d51be2f0768de2518830]
[22:20:31] [bXPdj#2] PedroJoseHernan: said "/revive2"
[22:21:56] [bXPdj#2] PedroJoseHernan: disconnected (Exiting)
================================================================
======== txAdmin v7.3.2 atop fxserver 12168 Starting - 27.12.2024, 22:23:26
================================================================
[22:23:29] txAdmin: Logger started
[22:24:09] [zG8FE#1] PedroJoseHernan: joined with identifiers [license:df006569a371bd968f8a71784d0b2d928d4e5880; discord:1048935745836032051; fivem:12147731; license2:36554c68b94aed3ecd29d51be2f0768de2518830]
[22:24:14] [zG8FE#2] Darita1207: joined with identifiers [license:12c6f4f9d0d765d92b663337345c13ac023fd059; discord:274321663204524032; fivem:13970589; license2:12c6f4f9d0d765d92b663337345c13ac023fd059]
[22:24:55] [zG8FE#1] PedroJoseHernan: said "/suelo"
[22:25:11] [zG8FE#1] PedroJoseHernan: died from suicide (Falling)
[22:25:16] [zG8FE#1] PedroJoseHernan: said "/suelo"
[22:25:28] [zG8FE#1] PedroJoseHernan: died from suicide (Falling)
[22:25:58] [zG8FE#1] PedroJoseHernan: said "/suelo"
[22:26:14] [zG8FE#1] PedroJoseHernan: died from suicide (Falling)
[22:26:22] [zG8FE#1] PedroJoseHernan: said "/suelo"
[22:29:06] [zG8FE#1] PedroJoseHernan: said "/suelo"
[22:29:16] [zG8FE#1] PedroJoseHernan: said "/suelo"
[22:30:44] [zG8FE#1] PedroJoseHernan: disconnected (Exiting)
================================================================
======== txAdmin v7.3.2 atop fxserver 12168 Starting - 27.12.2024, 22:32:33
================================================================
[22:32:45] txAdmin: Logger started
[22:32:54] [UNHe6#1] PedroJoseHernan: joined with identifiers [license:df006569a371bd968f8a71784d0b2d928d4e5880; discord:1048935745836032051; fivem:12147731; license2:36554c68b94aed3ecd29d51be2f0768de2518830]
[22:33:03] [UNHe6#2] Darita1207: joined with identifiers [license:12c6f4f9d0d765d92b663337345c13ac023fd059; discord:274321663204524032; fivem:13970589; license2:12c6f4f9d0d765d92b663337345c13ac023fd059]
[22:33:43] [UNHe6#1] PedroJoseHernan: said "/id"
[22:33:53] [UNHe6#2] Darita1207: died from suicide (Falling)
[22:34:01] [UNHe6#1] PedroJoseHernan: died from suicide (Falling)
[22:34:05] [UNHe6#1] PedroJoseHernan: said "/suelo"
[22:34:37] [UNHe6#1] PedroJoseHernan: said "/suelo"
[22:34:38] [UNHe6#1] PedroJoseHernan: said "/suelo"
[22:35:32] [UNHe6#2] Darita1207: died from suicide (Falling)
[22:36:20] [UNHe6#1] PedroJoseHernan: said "/suelo"
[22:37:45] [UNHe6#1] PedroJoseHernan: said "/suelo"
[22:37:46] [UNHe6#1] PedroJoseHernan: said "/suelo"
[22:39:23] [UNHe6#1] PedroJoseHernan: died from suicide (Falling)
[22:39:27] [UNHe6#1] PedroJoseHernan: said "/suelo"
[22:39:47] [UNHe6#1] PedroJoseHernan: died from suicide (Falling)
[22:39:56] [UNHe6#1] PedroJoseHernan: said "/suelo"
[22:40:57] [UNHe6#1] PedroJoseHernan: said "/suelo"
[22:40:58] [UNHe6#1] PedroJoseHernan: said "/suelo"
[22:41:04] [UNHe6#1] PedroJoseHernan: said "/suelo"
[22:42:17] [UNHe6#1] PedroJoseHernan: disconnected (Exiting)
[22:42:27] [UNHe6#2] Darita1207: disconnected (Exiting)
================================================================
======== txAdmin v7.3.2 atop fxserver 12168 Starting - 27.12.2024, 22:46:30
================================================================
[22:46:33] txAdmin: Logger started
[22:46:52] [ndBeq#1] PedroJoseHernan: joined with identifiers [license:df006569a371bd968f8a71784d0b2d928d4e5880; discord:1048935745836032051; fivem:12147731; license2:36554c68b94aed3ecd29d51be2f0768de2518830]
[22:46:55] [ndBeq#2] Darita1207: joined with identifiers [license:12c6f4f9d0d765d92b663337345c13ac023fd059; discord:274321663204524032; fivem:13970589; license2:12c6f4f9d0d765d92b663337345c13ac023fd059]
[22:47:54] [ndBeq#1] PedroJoseHernan: said "/suelo"
[22:47:54] [ndBeq#1] PedroJoseHernan: said "/suelo"
[22:53:24] [ndBeq#1] PedroJoseHernan: said "/suelo"
[22:53:50] [ndBeq#1] PedroJoseHernan: said "/mask"
[22:53:51] [ndBeq#1] PedroJoseHernan: said "/suelo"
[22:56:30] [ndBeq#2] Darita1207: died from suicide (Falling)
[22:56:58] [ndBeq#1] PedroJoseHernan: said "/suelo"
[23:00:31] [ndBeq#2] Darita1207: said "/sit"
[23:01:42] [ndBeq#1] PedroJoseHernan: said "/suelo"
[23:02:30] [ndBeq#2] Darita1207: died from suicide (Falling)
[23:03:00] [ndBeq#1] PedroJoseHernan: said "/suelo"
[23:03:10] [ndBeq#1] PedroJoseHernan: said "/suelo"
[23:03:20] [ndBeq#1] PedroJoseHernan: said "/suelo"
[23:03:21] [ndBeq#1] PedroJoseHernan: said "/suelo"
[23:04:37] [ndBeq#2] Darita1207: died from suicide (Falling)
[23:05:05] [ndBeq#1] PedroJoseHernan: said "/suelo"
[23:05:06] [ndBeq#1] PedroJoseHernan: said "/suelo"
[23:06:12] [ndBeq#1] PedroJoseHernan: said "/suelo"
[23:07:10] [ndBeq#2] Darita1207: died from suicide (Cougar)
[23:08:40] [ndBeq#2] Darita1207: said "/abulancia"
[23:09:14] [ndBeq#1] PedroJoseHernan: said "/suelo"
[23:09:39] [ndBeq#1] PedroJoseHernan: said "/suelo"
[23:10:03] [ndBeq#1] PedroJoseHernan: said "/suelo"
[23:11:09] [ndBeq#1] PedroJoseHernan: said "/suelo"
[23:11:10] [ndBeq#1] PedroJoseHernan: said "/suelo"
[23:12:32] [ndBeq#1] PedroJoseHernan: said "/suelo"
[23:12:33] [ndBeq#1] PedroJoseHernan: said "/suelo"
[23:12:57] [ndBeq#2] Darita1207: said "/adminoff"
[23:13:07] [ndBeq#2] Darita1207: disconnected (Exiting)
[23:13:10] [ndBeq#1] PedroJoseHernan: disconnected (Exiting)
================================================================
======== txAdmin v7.3.2 atop fxserver 12168 Starting - 27.12.2024, 23:14:18
================================================================
[23:14:21] txAdmin: Logger started
[23:14:24] [9GBHy#1] Darita1207: joined with identifiers [license:12c6f4f9d0d765d92b663337345c13ac023fd059; discord:274321663204524032; fivem:13970589; license2:12c6f4f9d0d765d92b663337345c13ac023fd059]
[23:15:10] [9GBHy#1] Darita1207: said "/radio"
[23:15:33] [9GBHy#2] PedroJoseHernan: joined with identifiers [license:df006569a371bd968f8a71784d0b2d928d4e5880; discord:1048935745836032051; fivem:12147731; license2:36554c68b94aed3ecd29d51be2f0768de2518830]
[23:16:40] [9GBHy#2] PedroJoseHernan: died from suicide (Falling)
[23:16:43] [9GBHy#2] PedroJoseHernan: said "/suelo"
[23:18:14] [9GBHy#2] PedroJoseHernan: said "/suelo"
[23:19:24] [9GBHy#2] PedroJoseHernan: died from suicide (Falling)
[23:19:26] [9GBHy#2] PedroJoseHernan: said "/suelo"
[23:19:49] [9GBHy#2] PedroJoseHernan: said "/suelo"
[23:19:50] [9GBHy#2] PedroJoseHernan: said "/suelo"
[23:19:53] [9GBHy#2] PedroJoseHernan: said "/suelo"
[23:19:59] [9GBHy#2] PedroJoseHernan: said "/suelo"
[23:20:17] [9GBHy#2] PedroJoseHernan: died from suicide (Falling)
[23:20:21] [9GBHy#2] PedroJoseHernan: said "/suelo"
[23:22:46] [9GBHy#2] PedroJoseHernan: said "/suelo"
[23:22:55] [9GBHy#2] PedroJoseHernan: died from suicide (Falling)
[23:23:00] [9GBHy#2] PedroJoseHernan: said "/suelo"
[23:25:44] [9GBHy#2] PedroJoseHernan: said "/suelo"
[23:25:56] [9GBHy#2] PedroJoseHernan: died from suicide (Falling)
[23:25:59] [9GBHy#2] PedroJoseHernan: said "/suelo"
[23:26:38] [9GBHy#2] PedroJoseHernan: died from suicide (Falling)
[23:26:41] [9GBHy#2] PedroJoseHernan: said "/suelo"
[23:33:08] [9GBHy#2] PedroJoseHernan: disconnected (Exiting)
================================================================
======== txAdmin v7.3.2 atop fxserver 12168 Starting - 27.12.2024, 23:35:07
================================================================
[23:35:10] txAdmin: Logger started
[23:35:25] [84tTC#1] PedroJoseHernan: joined with identifiers [license:df006569a371bd968f8a71784d0b2d928d4e5880; discord:1048935745836032051; fivem:12147731; license2:36554c68b94aed3ecd29d51be2f0768de2518830]
[23:35:27] [84tTC#2] Darita1207: joined with identifiers [license:12c6f4f9d0d765d92b663337345c13ac023fd059; discord:274321663204524032; fivem:13970589; license2:12c6f4f9d0d765d92b663337345c13ac023fd059]
[23:35:51] [84tTC#2] Darita1207: said "/adminoff"
[23:40:39] [84tTC#1] PedroJoseHernan: said "/suelo"
[23:40:41] [84tTC#1] PedroJoseHernan: said "/suelo"
[23:40:46] [84tTC#1] PedroJoseHernan: said "/suelo"
================================================================
======== txAdmin v7.3.2 atop fxserver 12168 Starting - 27.12.2024, 23:43:54
================================================================
[23:43:57] txAdmin: Logger started
[23:45:17] [ajVfc#1] PedroJoseHernan: joined with identifiers [license:df006569a371bd968f8a71784d0b2d928d4e5880; discord:1048935745836032051; fivem:12147731; license2:36554c68b94aed3ecd29d51be2f0768de2518830]
[23:46:05] [ajVfc#1] PedroJoseHernan: said "/suelo"
[23:46:10] [ajVfc#1] PedroJoseHernan: said "/suelo"
