================================================================
======== Log Rotated - 28.12.2024, 00:00:00                     
================================================================
[00:07:38] [ajVfc#1] PedroJoseHernan: disconnected (Exiting)
================================================================
======== txAdmin v7.3.2 atop fxserver 12168 Starting - 28.12.2024, 00:09:01
================================================================
[00:09:12] txAdmin: Logger started
[00:09:20] [F8Rwt#1] PedroJoseHernan: joined with identifiers [license:df006569a371bd968f8a71784d0b2d928d4e5880; discord:1048935745836032051; fivem:12147731; license2:36554c68b94aed3ecd29d51be2f0768de2518830]
[00:12:40] [F8Rwt#1] PedroJoseHernan: disconnected (Exiting)
================================================================
======== txAdmin v7.3.2 atop fxserver 12168 Starting - 28.12.2024, 00:17:34
================================================================
[00:17:37] txAdmin: Logger started
[00:18:06] [8DMcj#1] PedroJoseHernan: joined with identifiers [license:df006569a371bd968f8a71784d0b2d928d4e5880; discord:1048935745836032051; fivem:12147731; license2:36554c68b94aed3ecd29d51be2f0768de2518830]
[00:19:26] [8DMcj#1] PedroJoseHernan: disconnected (Exiting)
[12:10:53] txAdmin: Logger started
[12:11:32] [7KGDe#1] PedroJoseHernan: joined with identifiers [license:df006569a371bd968f8a71784d0b2d928d4e5880; discord:1048935745836032051; fivem:12147731; license2:36554c68b94aed3ecd29d51be2f0768de2518830]
[12:12:38] [7KGDe#1] PedroJoseHernan: enabled noclip
[12:12:51] [7KGDe#1] PedroJoseHernan: became mortal (standard mode)
[12:13:17] [7KGDe#1] PedroJoseHernan: made a server-wide announcement: HOLA 
[12:13:17] txAdmin: ((Broadcast) Pedro_Hernan): said "HOLA"
[12:15:20] [7KGDe#1] PedroJoseHernan: died from suicide (Falling)
[12:15:36] [7KGDe#1] PedroJoseHernan: enabled noclip
[12:15:53] [7KGDe#1] PedroJoseHernan: became mortal (standard mode)
[12:16:27] [7KGDe#1] PedroJoseHernan: healed themself
[12:16:31] [7KGDe#1] PedroJoseHernan: healed themself
[12:16:33] [7KGDe#1] PedroJoseHernan: healed all players!
[12:16:38] [7KGDe#1] PedroJoseHernan: spawned a vehicle (model: volatus)
[12:17:05] [7KGDe#1] PedroJoseHernan: repaired their vehicle
[12:18:04] [7KGDe#1] PedroJoseHernan: repaired their vehicle
[12:18:56] [7KGDe#1] PedroJoseHernan: repaired their vehicle
[12:19:51] [7KGDe#1] PedroJoseHernan: repaired their vehicle
[12:20:36] [7KGDe#1] PedroJoseHernan: spawned a vehicle (model: buzzard2)
[12:20:44] [7KGDe#1] PedroJoseHernan: boosted their vehicle
[12:21:05] [7KGDe#1] PedroJoseHernan: enabled super jump
[12:22:13] [7KGDe#1] PedroJoseHernan: enabled noclip
[12:22:19] [7KGDe#1] PedroJoseHernan: became mortal (standard mode)
[12:22:34] [7KGDe#1] PedroJoseHernan: repaired their vehicle
[12:23:43] [7KGDe#1] PedroJoseHernan: repaired their vehicle
[12:25:57] [7KGDe#1] PedroJoseHernan: disconnected (Exiting)
[12:26:09] txAdmin: Logger started
[12:26:30] [PPJi3#1] PedroJoseHernan: joined with identifiers [license:df006569a371bd968f8a71784d0b2d928d4e5880; discord:1048935745836032051; fivem:12147731; license2:36554c68b94aed3ecd29d51be2f0768de2518830]
[12:29:48] [PPJi3#1] PedroJoseHernan: said "/vector3"
[12:29:51] [PPJi3#1] PedroJoseHernan: said "/vector"
[12:40:12] [PPJi3#1] PedroJoseHernan: disconnected (Exiting)
================================================================
======== txAdmin v7.3.2 atop fxserver 12168 Starting - 28.12.2024, 12:42:51
================================================================
[12:42:54] txAdmin: Logger started
[12:43:38] [tBCUE#1] PedroJoseHernan: joined with identifiers [license:df006569a371bd968f8a71784d0b2d928d4e5880; discord:1048935745836032051; fivem:12147731; license2:36554c68b94aed3ecd29d51be2f0768de2518830]
[12:44:28] [tBCUE#1] PedroJoseHernan: said "/suelo"
[12:49:58] [tBCUE#1] PedroJoseHernan: disconnected (Exiting)
================================================================
======== txAdmin v7.3.2 atop fxserver 12168 Starting - 28.12.2024, 12:52:11
================================================================
[12:52:14] txAdmin: Logger started
[12:52:43] [GLjbU#1] PedroJoseHernan: joined with identifiers [license:df006569a371bd968f8a71784d0b2d928d4e5880; discord:1048935745836032051; fivem:12147731; license2:36554c68b94aed3ecd29d51be2f0768de2518830]
[12:53:36] [GLjbU#1] PedroJoseHernan: said "/suelo"
[12:57:28] [GLjbU#1] PedroJoseHernan: disconnected (Exiting)
================================================================
======== txAdmin v7.3.2 atop fxserver 12168 Starting - 28.12.2024, 12:58:48
================================================================
[12:58:51] txAdmin: Logger started
[12:59:17] [WxLXD#1] PedroJoseHernan: joined with identifiers [license:df006569a371bd968f8a71784d0b2d928d4e5880; discord:1048935745836032051; fivem:12147731; license2:36554c68b94aed3ecd29d51be2f0768de2518830]
[13:00:09] [WxLXD#1] PedroJoseHernan: said "/suelo"
[13:01:17] [WxLXD#1] PedroJoseHernan: enabled noclip
[13:01:33] [WxLXD#1] PedroJoseHernan: said "/mtx"
[13:01:37] [WxLXD#1] PedroJoseHernan: became mortal (standard mode)
[13:01:42] [WxLXD#1] PedroJoseHernan: said "/suelo"
[13:07:37] [WxLXD#1] PedroJoseHernan: said "/suelo"
[13:09:05] [WxLXD#1] PedroJoseHernan: disconnected (Exiting)
================================================================
======== txAdmin v7.3.2 atop fxserver 12168 Starting - 28.12.2024, 13:13:01
================================================================
[13:13:04] txAdmin: Logger started
[13:13:54] [jKr6y#1] PedroJoseHernan: joined with identifiers [license:df006569a371bd968f8a71784d0b2d928d4e5880; discord:1048935745836032051; fivem:12147731; license2:36554c68b94aed3ecd29d51be2f0768de2518830]
[13:14:43] [jKr6y#1] PedroJoseHernan: said "/suelo"
[13:17:40] [jKr6y#1] PedroJoseHernan: disconnected (Server->client connection timed out. Last seen 36372 msec ago.)
================================================================
======== txAdmin v7.3.2 atop fxserver 12168 Starting - 28.12.2024, 13:21:34
================================================================
[13:21:46] txAdmin: Logger started
[13:22:14] [aYNBA#1] PedroJoseHernan: joined with identifiers [license:df006569a371bd968f8a71784d0b2d928d4e5880; discord:1048935745836032051; fivem:12147731; license2:36554c68b94aed3ecd29d51be2f0768de2518830]
[13:23:05] [aYNBA#1] PedroJoseHernan: said "/suelo"
[13:31:31] [aYNBA#1] PedroJoseHernan: disconnected (Exiting)
================================================================
======== txAdmin v7.3.2 atop fxserver 12168 Starting - 28.12.2024, 13:33:14
================================================================
[13:33:17] txAdmin: Logger started
[13:33:47] [k3fnP#1] PedroJoseHernan: joined with identifiers [license:df006569a371bd968f8a71784d0b2d928d4e5880; discord:1048935745836032051; fivem:12147731; license2:36554c68b94aed3ecd29d51be2f0768de2518830]
[13:34:40] [k3fnP#1] PedroJoseHernan: said "/suelo"
[13:35:32] [k3fnP#1] PedroJoseHernan: said "/suelo"
[13:37:58] [k3fnP#1] PedroJoseHernan: said "/suelo"
[13:38:17] [k3fnP#1] PedroJoseHernan: said "/suelo"
[13:39:45] [k3fnP#1] PedroJoseHernan: said "/suelo"
[13:40:07] [k3fnP#1] PedroJoseHernan: said "/suelo"
[13:41:48] [k3fnP#1] PedroJoseHernan: said "/brioso"
[13:43:15] [k3fnP#1] PedroJoseHernan: said "/suelo"
[13:43:33] [k3fnP#1] PedroJoseHernan: said "/suelo"
[13:51:34] [k3fnP#1] PedroJoseHernan: disconnected (Exiting)
================================================================
======== txAdmin v7.3.2 atop fxserver 12168 Starting - 28.12.2024, 13:53:11
================================================================
[13:53:14] txAdmin: Logger started
[13:53:35] [TxLTr#1] PedroJoseHernan: joined with identifiers [license:df006569a371bd968f8a71784d0b2d928d4e5880; discord:1048935745836032051; fivem:12147731; license2:36554c68b94aed3ecd29d51be2f0768de2518830]
[13:54:20] [TxLTr#1] PedroJoseHernan: said "/suelo"
[13:58:55] [TxLTr#1] PedroJoseHernan: said "/suelo"
[14:53:08] [TxLTr#1] PedroJoseHernan: disconnected (Server->client connection timed out. Last seen 45219 msec ago.)
[17:22:47] [TxLTr#2] terry.xo: joined with identifiers [license:0c01659866199565eba3ea0a6b5732ef4e3487ba; xbl:2535448821203104; live:985155828303774; discord:709532051732168755; fivem:14131182; license2:0c01659866199565eba3ea0a6b5732ef4e3487ba]
[17:53:10] [TxLTr#2] terry.xo: disconnected (Exiting)
